0 info it worked if it ends with ok
1 verbose cli [ 'D:\\Programs\\nodejs\\node.exe',
1 verbose cli   'D:\\Programs\\nodejs\\node_modules\\npm\\bin\\npm-cli.js',
1 verbose cli   'run',
1 verbose cli   'scss' ]
2 info using npm@3.10.10
3 info using node@v6.10.0
4 verbose run-script [ 'prescss', 'scss', 'postscss' ]
5 info lifecycle week4@1.0.0~prescss: week4@1.0.0
6 silly lifecycle week4@1.0.0~prescss: no script for prescss, continuing
7 info lifecycle week4@1.0.0~scss: week4@1.0.0
8 verbose lifecycle week4@1.0.0~scss: unsafe-perm in lifecycle true
9 verbose lifecycle week4@1.0.0~scss: PATH: D:\Programs\nodejs\node_modules\npm\bin\node-gyp-bin;D:\Programs\wamp64\www\week4\node_modules\.bin;D:\Programs\Git\cmd;C:\Program Files (x86)\Common Files\Intel\Shared Libraries\redist\intel64\compiler;C:\ProgramData\Oracle\Java\javapath;C:\Program Files (x86)\Intel\iCLS Client\;C:\Program Files\Intel\iCLS Client\;C:\WINDOWS\system32;C:\WINDOWS;C:\WINDOWS\System32\Wbem;C:\WINDOWS\System32\WindowsPowerShell\v1.0\;C:\Program Files (x86)\Windows Live\Shared;C:\Program Files\Intel\Intel(R) Management Engine Components\DAL;C:\Program Files\Intel\Intel(R) Management Engine Components\IPT;C:\Program Files (x86)\Intel\Intel(R) Management Engine Components\DAL;C:\Program Files (x86)\Intel\Intel(R) Management Engine Components\IPT;C:\Program Files (x86)\NVIDIA Corporation\PhysX\Common;D:\Programs\Git\cmd;D:\Programs\nodejs\;D:\Programs\Brackets\command;C:\Program Files (x86)\Skype\Phone\;;D:\Programs\Microsoft VS Code\bin;C:\Users\ADMIN\AppData\Roaming\npm
10 verbose lifecycle week4@1.0.0~scss: CWD: D:\Programs\wamp64\www\week4
11 silly lifecycle week4@1.0.0~scss: Args: [ '/d /s /c', 'node-sass sass/styles.scss -o css' ]
12 silly lifecycle week4@1.0.0~scss: Returned: code: 1  signal: null
13 info lifecycle week4@1.0.0~scss: Failed to exec scss script
14 verbose stack Error: week4@1.0.0 scss: `node-sass sass/styles.scss -o css`
14 verbose stack Exit status 1
14 verbose stack     at EventEmitter.<anonymous> (D:\Programs\nodejs\node_modules\npm\lib\utils\lifecycle.js:255:16)
14 verbose stack     at emitTwo (events.js:106:13)
14 verbose stack     at EventEmitter.emit (events.js:191:7)
14 verbose stack     at ChildProcess.<anonymous> (D:\Programs\nodejs\node_modules\npm\lib\utils\spawn.js:40:14)
14 verbose stack     at emitTwo (events.js:106:13)
14 verbose stack     at ChildProcess.emit (events.js:191:7)
14 verbose stack     at maybeClose (internal/child_process.js:877:16)
14 verbose stack     at Process.ChildProcess._handle.onexit (internal/child_process.js:226:5)
15 verbose pkgid week4@1.0.0
16 verbose cwd D:\Programs\wamp64\www\week4
17 error Windows_NT 6.3.9600
18 error argv "D:\\Programs\\nodejs\\node.exe" "D:\\Programs\\nodejs\\node_modules\\npm\\bin\\npm-cli.js" "run" "scss"
19 error node v6.10.0
20 error npm  v3.10.10
21 error code ELIFECYCLE
22 error week4@1.0.0 scss: `node-sass sass/styles.scss -o css`
22 error Exit status 1
23 error Failed at the week4@1.0.0 scss script 'node-sass sass/styles.scss -o css'.
23 error Make sure you have the latest version of node.js and npm installed.
23 error If you do, this is most likely a problem with the week4 package,
23 error not with npm itself.
23 error Tell the author that this fails on your system:
23 error     node-sass sass/styles.scss -o css
23 error You can get information on how to open an issue for this project with:
23 error     npm bugs week4
23 error Or if that isn't available, you can get their info via:
23 error     npm owner ls week4
23 error There is likely additional logging output above.
24 verbose exit [ 1, true ]
